<?xml version="1.0" encoding="UTF-8"?>
<testsuite xmlns:xsi="http://www.w3.org/2001/XMLSchema-instance" xsi:noNamespaceSchemaLocation="https://maven.apache.org/surefire/maven-surefire-plugin/xsd/surefire-test-report-3.0.xsd" version="3.0" name="TestDelete" time="0.009" tests="0" errors="0" skipped="0" failures="0">
  <properties>
    <property name="socksProxyHost" value="127.0.0.1"/>
    <property name="http.proxyHost" value="127.0.0.1"/>
    <property name="java.specification.version" value="17"/>
    <property name="sun.jnu.encoding" value="UTF-8"/>
    <property name="java.class.path" value="/Users/momoc/IdeaProjects/MyFrame/MiniEntityMapperFramework/mini-entity-mapper-framework/target/test-classes:/Users/momoc/IdeaProjects/MyFrame/MiniEntityMapperFramework/mini-entity-mapper-framework/target/classes:/Users/momoc/devTools/base/apache-maven-3.9.8/repo/org/ow2/asm/asm/9.2/asm-9.2.jar:/Users/momoc/devTools/base/apache-maven-3.9.8/repo/net/bytebuddy/byte-buddy/1.15.11/byte-buddy-1.15.11.jar:/Users/momoc/devTools/base/apache-maven-3.9.8/repo/net/bytebuddy/byte-buddy-agent/1.15.11/byte-buddy-agent-1.15.11.jar:/Users/momoc/devTools/base/apache-maven-3.9.8/repo/ch/qos/logback/logback-classic/1.5.16/logback-classic-1.5.16.jar:/Users/momoc/devTools/base/apache-maven-3.9.8/repo/ch/qos/logback/logback-core/1.5.16/logback-core-1.5.16.jar:/Users/momoc/devTools/base/apache-maven-3.9.8/repo/org/projectlombok/lombok/1.18.32/lombok-1.18.32.jar:/Users/momoc/devTools/base/apache-maven-3.9.8/repo/com/mysql/mysql-connector-j/8.0.33/mysql-connector-j-8.0.33.jar:/Users/momoc/devTools/base/apache-maven-3.9.8/repo/com/google/protobuf/protobuf-java/3.21.9/protobuf-java-3.21.9.jar:/Users/momoc/devTools/base/apache-maven-3.9.8/repo/com/zaxxer/HikariCP/5.0.1/HikariCP-5.0.1.jar:/Users/momoc/devTools/base/apache-maven-3.9.8/repo/org/slf4j/slf4j-api/2.0.16/slf4j-api-2.0.16.jar:"/>
    <property name="https.proxyPort" value="7890"/>
    <property name="java.vm.vendor" value="Oracle Corporation"/>
    <property name="sun.arch.data.model" value="64"/>
    <property name="java.vendor.url" value="https://java.oracle.com/"/>
    <property name="os.name" value="Mac OS X"/>
    <property name="java.vm.specification.version" value="17"/>
    <property name="sun.java.launcher" value="SUN_STANDARD"/>
    <property name="user.country" value="CN"/>
    <property name="sun.boot.library.path" value="/Users/momoc/devTools/jdks/jdk-17.0.2.jdk/lib"/>
    <property name="sun.java.command" value="/Users/momoc/IdeaProjects/MyFrame/MiniEntityMapperFramework/mini-entity-mapper-framework/target/surefire/surefirebooter-20250108110706473_3.jar /Users/momoc/IdeaProjects/MyFrame/MiniEntityMapperFramework/mini-entity-mapper-framework/target/surefire 2025-01-08T11-07-06_398-jvmRun1 surefire-20250108110706473_1tmp surefire_0-20250108110706473_2tmp"/>
    <property name="http.nonProxyHosts" value="192.168.0.0/16|*.192.168.0.0/16|10.0.0.0/8|*.10.0.0.0/8|172.16.0.0/12|*.172.16.0.0/12|127.0.0.1|localhost|*.localhost|local|*.local|timestamp.apple.com|*.timestamp.apple.com"/>
    <property name="jdk.debug" value="release"/>
    <property name="surefire.test.class.path" value="/Users/momoc/IdeaProjects/MyFrame/MiniEntityMapperFramework/mini-entity-mapper-framework/target/test-classes:/Users/momoc/IdeaProjects/MyFrame/MiniEntityMapperFramework/mini-entity-mapper-framework/target/classes:/Users/momoc/devTools/base/apache-maven-3.9.8/repo/org/ow2/asm/asm/9.2/asm-9.2.jar:/Users/momoc/devTools/base/apache-maven-3.9.8/repo/net/bytebuddy/byte-buddy/1.15.11/byte-buddy-1.15.11.jar:/Users/momoc/devTools/base/apache-maven-3.9.8/repo/net/bytebuddy/byte-buddy-agent/1.15.11/byte-buddy-agent-1.15.11.jar:/Users/momoc/devTools/base/apache-maven-3.9.8/repo/ch/qos/logback/logback-classic/1.5.16/logback-classic-1.5.16.jar:/Users/momoc/devTools/base/apache-maven-3.9.8/repo/ch/qos/logback/logback-core/1.5.16/logback-core-1.5.16.jar:/Users/momoc/devTools/base/apache-maven-3.9.8/repo/org/projectlombok/lombok/1.18.32/lombok-1.18.32.jar:/Users/momoc/devTools/base/apache-maven-3.9.8/repo/com/mysql/mysql-connector-j/8.0.33/mysql-connector-j-8.0.33.jar:/Users/momoc/devTools/base/apache-maven-3.9.8/repo/com/google/protobuf/protobuf-java/3.21.9/protobuf-java-3.21.9.jar:/Users/momoc/devTools/base/apache-maven-3.9.8/repo/com/zaxxer/HikariCP/5.0.1/HikariCP-5.0.1.jar:/Users/momoc/devTools/base/apache-maven-3.9.8/repo/org/slf4j/slf4j-api/2.0.16/slf4j-api-2.0.16.jar:"/>
    <property name="sun.cpu.endian" value="little"/>
    <property name="user.home" value="/Users/momoc"/>
    <property name="user.language" value="zh"/>
    <property name="java.specification.vendor" value="Oracle Corporation"/>
    <property name="java.version.date" value="2022-01-18"/>
    <property name="java.home" value="/Users/momoc/devTools/jdks/jdk-17.0.2.jdk"/>
    <property name="file.separator" value="/"/>
    <property name="https.proxyHost" value="127.0.0.1"/>
    <property name="basedir" value="/Users/momoc/IdeaProjects/MyFrame/MiniEntityMapperFramework/mini-entity-mapper-framework"/>
    <property name="java.vm.compressedOopsMode" value="Zero based"/>
    <property name="line.separator" value="&#10;"/>
    <property name="java.vm.specification.vendor" value="Oracle Corporation"/>
    <property name="java.specification.name" value="Java Platform API Specification"/>
    <property name="surefire.real.class.path" value="/Users/momoc/IdeaProjects/MyFrame/MiniEntityMapperFramework/mini-entity-mapper-framework/target/surefire/surefirebooter-20250108110706473_3.jar"/>
    <property name="user.script" value="Hans"/>
    <property name="sun.management.compiler" value="HotSpot 64-Bit Tiered Compilers"/>
    <property name="ftp.nonProxyHosts" value="192.168.0.0/16|*.192.168.0.0/16|10.0.0.0/8|*.10.0.0.0/8|172.16.0.0/12|*.172.16.0.0/12|127.0.0.1|localhost|*.localhost|local|*.local|timestamp.apple.com|*.timestamp.apple.com"/>
    <property name="java.runtime.version" value="17.0.2+8-86"/>
    <property name="user.name" value="momoc"/>
    <property name="path.separator" value=":"/>
    <property name="os.version" value="14.5"/>
    <property name="java.runtime.name" value="OpenJDK Runtime Environment"/>
    <property name="file.encoding" value="UTF-8"/>
    <property name="java.vm.name" value="OpenJDK 64-Bit Server VM"/>
    <property name="localRepository" value="/Users/momoc/devTools/base/apache-maven-3.9.8/repo"/>
    <property name="java.vendor.url.bug" value="https://bugreport.java.com/bugreport/"/>
    <property name="java.io.tmpdir" value="/var/folders/4z/d29y7_gs51b132yn7gfryztm0000gn/T/"/>
    <property name="idea.version" value="2024.1.4"/>
    <property name="java.version" value="17.0.2"/>
    <property name="user.dir" value="/Users/momoc/IdeaProjects/MyFrame/MiniEntityMapperFramework/mini-entity-mapper-framework"/>
    <property name="os.arch" value="x86_64"/>
    <property name="socksProxyPort" value="7890"/>
    <property name="java.vm.specification.name" value="Java Virtual Machine Specification"/>
    <property name="native.encoding" value="UTF-8"/>
    <property name="java.library.path" value="/Users/momoc/Library/Java/Extensions:/Library/Java/Extensions:/Network/Library/Java/Extensions:/System/Library/Java/Extensions:/usr/lib/java:."/>
    <property name="java.vm.info" value="mixed mode, sharing"/>
    <property name="java.vendor" value="Oracle Corporation"/>
    <property name="java.vm.version" value="17.0.2+8-86"/>
    <property name="sun.io.unicode.encoding" value="UnicodeBig"/>
    <property name="maven.repo.local" value="/Users/momoc/devTools/base/apache-maven-3.9.8/repo"/>
    <property name="socksNonProxyHosts" value="192.168.0.0/16|*.192.168.0.0/16|10.0.0.0/8|*.10.0.0.0/8|172.16.0.0/12|*.172.16.0.0/12|127.0.0.1|localhost|*.localhost|local|*.local|timestamp.apple.com|*.timestamp.apple.com"/>
    <property name="java.class.version" value="61.0"/>
    <property name="http.proxyPort" value="7890"/>
  </properties>
</testsuite>